C51 COMPILER V9.52.0.0   ACTION                                                            04/24/2024 23:51:15 PAGE 1   


C51 COMPILER V9.52.0.0, COMPILATION OF MODULE ACTION
OBJECT MODULE PLACED IN .\Objects\Action.obj
COMPILER INVOKED BY: D:\Keil_v5\C51\BIN\C51.EXE Action.c OPTIMIZE(8,SPEED) BROWSE DEBUG OBJECTEXTEND PRINT(.\Listings\Ac
                    -tion.lst) TABS(2) OBJECT(.\Objects\Action.obj)

line level    source

   1          #include <AT89X52.h>
   2          #include "GetSonarDis.h"
   3          #include "Move.h"
   4          #include "Param.h"
   5          #include "Action.h"
   6          extern delay_nus(unsigned int i);
   7          extern delay_nms(unsigned int i);
   8          
   9          Uint DistLast = 0;
  10          
  11          void stepLR(Uchar way)
  12          {
  13   1          Uchar siz = 4, a = 200, b = 200;
  14   1          switch (way)
  15   1          {
  16   2          case 0:
  17   2              break;
  18   2          case 11:
  19   2              a -= 20;
  20   2              break;
  21   2          case 12:
  22   2              a -= 60;
  23   2              break;
  24   2          case 21:
  25   2              b -= 20;
  26   2              break;
  27   2          case 22:
  28   2              b -= 60;
  29   2              break;
  30   2          }
  31   1          while (siz > 0)
  32   1          {
  33   2              Forward(a, b);
  34   2              siz--;
  35   2          }
  36   1      }
  37          
  38          void stepFollow(Uchar side)
  39          {
  40   1          if (side == 1)
  41   1          {
  42   2              if (left_dis > DistLast)
  43   2              {
  44   3                  if (left_dis > FollowDistance)
  45   3                  {
  46   4                      if (DistLast > FollowDistance)
  47   4                      {
  48   5                          stepLR(12);
  49   5                      }
  50   4                      else if (DistLast <= FollowDistance)
  51   4                      {
  52   5                          stepLR(11);
  53   5                      }
  54   4                  }
C51 COMPILER V9.52.0.0   ACTION                                                            04/24/2024 23:51:15 PAGE 2   

  55   3                  else
  56   3                  {
  57   4                      stepLR(0);
  58   4                  }
  59   3              }
  60   2              else if (left_dis < DistLast)
  61   2              {
  62   3                  if (left_dis < FollowDistance)
  63   3                  {
  64   4                      if (DistLast > FollowDistance)
  65   4                      {
  66   5                          stepLR(21);
  67   5                      }
  68   4                      else if (DistLast < FollowDistance)
  69   4                      {
  70   5                          stepLR(22);
  71   5                      }
  72   4                  }
  73   3                  else
  74   3                  {
  75   4                      stepLR(0);
  76   4                  }
  77   3              }
  78   2              else
  79   2              {
  80   3                  if (DistLast > FollowDistance)
  81   3                  {
  82   4                      stepLR(11);
  83   4                  }
  84   3                  else if (DistLast < FollowDistance)
  85   3                  {
  86   4                      stepLR(21);
  87   4                  }
  88   3                  else
  89   3                  {
  90   4                      stepLR(0);
  91   4                  }
  92   3              }
  93   2              DistLast = left_dis;
  94   2          }
  95   1          else if (side == 2)
  96   1          {
  97   2              if (right_dis > DistLast)
  98   2              {
  99   3                  if (right_dis > FollowDistance)
 100   3                  {
 101   4                      if (DistLast > FollowDistance)
 102   4                      {
 103   5                          stepLR(22);
 104   5                      }
 105   4                      else if (DistLast <= FollowDistance)
 106   4                      {
 107   5                          stepLR(21);
 108   5                      }
 109   4                  }
 110   3                  else
 111   3                  {
 112   4                      stepLR(0);
 113   4                  }
 114   3              }
 115   2              else if (right_dis < DistLast)
 116   2              {
C51 COMPILER V9.52.0.0   ACTION                                                            04/24/2024 23:51:15 PAGE 3   

 117   3                  if (right_dis < FollowDistance)
 118   3                  {
 119   4                      if (DistLast > FollowDistance)
 120   4                      {
 121   5                          stepLR(11);
 122   5                      }
 123   4                      else if (DistLast < FollowDistance)
 124   4                      {
 125   5                          stepLR(12);
 126   5                      }
 127   4                  }
 128   3                  else
 129   3                  {
 130   4                      stepLR(0);
 131   4                  }
 132   3              }
 133   2              else
 134   2              {
 135   3                  if (DistLast > FollowDistance)
 136   3                  {
 137   4      
 138   4                      stepLR(21);
 139   4                  }
 140   3                  else if (DistLast < FollowDistance)
 141   3                  {
 142   4                      stepLR(11);
 143   4                  }
 144   3                  else
 145   3                  {
 146   4                      stepLR(0);
 147   4                  }
 148   3              }
 149   2              DistLast = right_dis;
 150   2          }
 151   1      }
 152          
 153          void correctFollow(Uchar side) // yanbianxiuzhen
 154          {
 155   1          Uchar i = 7;
 156   1          while (i > 0)
 157   1          {
 158   2              stepFollow(side);
 159   2              ScanDis();
 160   2              i--;
 161   2          }
 162   1      }
 163          
 164          void correct()
 165          {
 166   1          Uchar i = 5, side = 0;
 167   1          while (i > 0)
 168   1          {
 169   2              stepLR(side);
 170   2              i--;
 171   2          }
 172   1      }
 173          
 174          void forwardA(Uchar side)
 175          {
 176   1          Uchar t = 0;
 177   1          ScanDis();
 178   1          while (1)
C51 COMPILER V9.52.0.0   ACTION                                                            04/24/2024 23:51:15 PAGE 4   

 179   1          {
 180   2              ScanDis();
 181   2              if (front_dis > 140)
 182   2              {
 183   3                  if (side == 1 && left_dis > 500)
 184   3                  {
 185   4                      stepLR(t);
 186   4                  }
 187   3                  else if (side == 2 && right_dis > 500)
 188   3                  {
 189   4                      stepLR(t);
 190   4                  }
 191   3                  else
 192   3                  {
 193   4                      stepFollow(side);
 194   4                  }
 195   3              }
 196   2              else
 197   2              {
 198   3                  break;
 199   3              }
 200   2          }
 201   1      }
 202          
 203          void forwardD(Uchar side, Uchar dist)
 204          {
 205   1          ScanDis();
 206   1          while (dist > 0)
 207   1          {
 208   2              ScanDis();
 209   2              if (side == 0)
 210   2              {
 211   3                  stepLR(side);
 212   3              }
 213   2              else
 214   2              {
 215   3                  stepFollow(side);
 216   3              }
 217   2              dist--;
 218   2          }
 219   1      }
 220          
 221          void forwardTurnB(Uchar yside, Uchar jcside, Uchar dist)
 222          { // 检测优先
 223   1          Uchar t = 0;
 224   1          /*ScanDis();
 225   1        stepFollow(yside);*/
 226   1          while (1)
 227   1          {
 228   2              ScanDis();
 229   2              /*
 230   2              if(front_dis<150){
 231   2                  if(jcside==1){
 232   2                      turnLeftSteps();break;
 233   2                     }else{
 234   2                         turnRightSteps();break;
 235   2                         }
 236   2              }*/
 237   2              if (jcside == 1)
 238   2              {
 239   3                  if (left_dis < 300 || dist > 0)
 240   3                  {
C51 COMPILER V9.52.0.0   ACTION                                                            04/24/2024 23:51:15 PAGE 5   

 241   4                      if (yside == 1 && left_dis > 500)
 242   4                      {
 243   5                          stepLR(t);
 244   5                      }
 245   4                      else if (yside == 2 && right_dis > 500)
 246   4                      {
 247   5                          stepLR(t);
 248   5                      }
 249   4                      else
 250   4                      {
 251   5                          stepFollow(yside);
 252   5                      }
 253   4                  }
 254   3                  else
 255   3                  {
 256   4                      break;
 257   4                  }
 258   3              }
 259   2              else
 260   2              {
 261   3                  if (right_dis < 300 || dist > 0)
 262   3                  {
 263   4                      if (yside == 1 && left_dis > 500)
 264   4                      {
 265   5                          stepLR(t);
 266   5                      }
 267   4                      else if (yside == 2 && right_dis > 500)
 268   4                      {
 269   5                          stepLR(t);
 270   5                      }
 271   4                      else
 272   4                      {
 273   5                          stepFollow(yside);
 274   5                      }
 275   4                  }
 276   3                  else
 277   3                  {
 278   4                      break;
 279   4                  }
 280   3              }
 281   2              if (dist > 0)
 282   2              {
 283   3                  dist--;
 284   3              }
 285   2          }
 286   1      }
 287          
 288          void extinguish(Uchar side)
 289          {
 290   1          Uchar l_count = 0, r_count = 0;
 291   1          Uchar l_step = 3, r_step = 3;
 292   1          Uchar steps = 4;
 293   1          Uchar i;
 294   1          // if ((LeftFire == 0) || (RightFire == 0))
 295   1          // {
 296   1          //     FIRE = 1;
 297   1          // }
 298   1          while (1)
 299   1          {
 300   2              ScanDis();
 301   2              if ((LeftFire == 0) && (RightFire == 1))
 302   2              {
C51 COMPILER V9.52.0.0   ACTION                                                            04/24/2024 23:51:15 PAGE 6   

 303   3                  Fan_On;
 304   3                  turnLeftSteps(l_step);
 305   3                  l_count++;
 306   3              }
 307   2              else if ((LeftFire == 1) && (RightFire == 0))
 308   2              {
 309   3                  Fan_On;
 310   3                  turnRightSteps(r_step);
 311   3                  r_count++;
 312   3              }
 313   2              else if ((LeftFire == 0) && (RightFire == 0))
 314   2              {
 315   3                  Fan_On;
 316   3                  for (i = 0; i < steps; i++)
 317   3                  {
 318   4                      turnLeftSteps(l_step);
 319   4                      delay_nms(500);
 320   4                  }
 321   3                  turnRightSteps(steps * l_step);
 322   3                  for (i = 0; i < steps; i++)
 323   3                  {
 324   4                      turnRightSteps(r_step);
 325   4                      delay_nms(500);
 326   4                  }
 327   3                  turnLeftSteps(steps * r_step);
 328   3                  if (side == 1)
 329   3                  {
 330   4                      turnLeftSteps(steps * r_step);
 331   4                      l_count += steps;
 332   4                  }
 333   3                  else
 334   3                  {
 335   4                      turnRightSteps(steps * r_step);
 336   4                      r_count += steps;
 337   4                  }
 338   3              }
 339   2              else if ((LeftFire == 1) && (RightFire == 1))
 340   2              {
 341   3                  Fan_Off;
 342   3                  turnLeftSteps(l_count * l_step);
 343   3                  turnRightSteps(r_count * r_step);
 344   3                  break;
 345   3              }
 346   2          }
 347   1      }
 348          
 349          void turnFire(Uchar side, Uchar isFire)
 350          {
 351   1          if (isFire)
 352   1          {
 353   2              Uchar t = 15;
 354   2              if (side == 2)
 355   2              {
 356   3                  turnRightSteps(t);
 357   3              }
 358   2              else
 359   2              {
 360   3                  turnLeftSteps(t);
 361   3              }
 362   2              extinguish(side);
 363   2              if (side == 2)
 364   2              {
C51 COMPILER V9.52.0.0   ACTION                                                            04/24/2024 23:51:15 PAGE 7   

 365   3                  turnLeftSteps(t);
 366   3              }
 367   2              else
 368   2              {
 369   3                  turnRightSteps(t);
 370   3              }
 371   2              delay_nms(333);
 372   2          }
 373   1      }


MODULE INFORMATION:   STATIC OVERLAYABLE
   CODE SIZE        =    959    ----
   CONSTANT SIZE    =   ----    ----
   XDATA SIZE       =   ----    ----
   PDATA SIZE       =   ----    ----
   DATA SIZE        =      2      25
   IDATA SIZE       =   ----    ----
   BIT SIZE         =   ----    ----
END OF MODULE INFORMATION.


C51 COMPILATION COMPLETE.  0 WARNING(S),  0 ERROR(S)
