C51 COMPILER V9.52.0.0   GETSONARDIS                                                       04/24/2024 23:51:15 PAGE 1   


C51 COMPILER V9.52.0.0, COMPILATION OF MODULE GETSONARDIS
OBJECT MODULE PLACED IN .\Objects\GetSonarDis.obj
COMPILER INVOKED BY: D:\Keil_v5\C51\BIN\C51.EXE GetSonarDis.c OPTIMIZE(8,SPEED) BROWSE DEBUG OBJECTEXTEND PRINT(.\Listin
                    -gs\GetSonarDis.lst) TABS(2) OBJECT(.\Objects\GetSonarDis.obj)

line level    source

   1          #include <AT89X52.h>
   2          #include "GetSonarDis.h"
   3          extern delay_nus(unsigned int i);
   4          extern delay_nms(unsigned int i);
   5          extern int printf   (const char *, ...);
   6          
   7          Uint left_dis=0,right_dis=0,front_dis=0;  //分别对应 左侧，右侧，中间 超声波采集数值
   8          Uchar timer_cnt=0;  // 记录进定时器中断次数
   9          Uchar scan_sonar_cnt=1;
  10          Uint sonar_used_time=0;
  11          /***********************************************************************/
  12          // 定时器初始化
  13          /***********************************************************************/
  14          void InitTimer(void)
  15          {
  16   1          TMOD |= 0x01;
  17   1          TH0 = 0xF1;
  18   1          TL0 = 0x0A;
  19   1          EA = 1;
  20   1          ET0 = 1;
  21   1          TR0 = 0;
  22   1      }
  23          /*
  24            定时器0溢出中断
  25          */
  26          void Interrupt(void) interrupt 1
  27          {
  28   1        TR0 = 0;
  29   1      }
  30          /***********************************************************************/
  31          // 测距函数
  32          // 参数：pos时为超声波装置位置L、F、R分别代表左前右位置。
  33          /***********************************************************************/
  34          
  35          Uint GetSonarDis(char pos)
  36          {
  37   1         Uint dis=0; 
  38   1         Uint high, low;
  39   1      //   TrigL=0;EchoL=0;TrigF=0;EchoF=0;TrigR=0;EchoR=0;  //各I/O口置低
  40   1         InitTimer();  //定时器初始化
  41   1         switch(pos)
  42   1        {
  43   2          case 'L':
  44   2            TrigL=1;        //trig置高 发出10us的高电平信号 
  45   2            delay_nus(25);   
  46   2            TrigL=0;
  47   2            while(EchoL == 0);
  48   2            TR0=1;
  49   2             //开启定时器开始计时
  50   2            while(EchoL == 1 && TR0 == 1);   //等待echo置低
  51   2            TR0 = 0;
  52   2            break;
  53   2          case 'F':
  54   2            TrigF=1;        //trig置高 发出10us的高电平信号 
C51 COMPILER V9.52.0.0   GETSONARDIS                                                       04/24/2024 23:51:15 PAGE 2   

  55   2            delay_nus(10);  
  56   2            TrigF=0;
  57   2            while(EchoF == 0);
  58   2            TR0=1;
  59   2            while(EchoF == 1 && TR0 == 1);   //等待echo置低
  60   2            TR0 = 0;
  61   2            break;
  62   2          case 'R':
  63   2            TrigR=1;        //trig置高 发出10us的高电平信号 
  64   2            delay_nus(25);
  65   2            TrigR=0;
  66   2            while(EchoR == 0);   //等待echo置高
  67   2            TR0=1;           //开启定时器开始计时
  68   2            while(EchoR == 1 && TR0 == 1);    //等待echo置低
  69   2            TR0 = 0;
  70   2            break;
  71   2          default: break;
  72   2         }
  73   1         high = (TH0 - 0xF1) * 256;
  74   1         low = TL0 - 0x0A;
  75   1         dis = (high + low) / 5.88; 
  76   1         return dis;   
  77   1      }
  78          /***********************************************************************/
  79          //超声波距离采集函数
  80          /***********************************************************************/
  81          void ScanDis(void)       //采集三个超声波传感器的数据
  82          {   left_dis=GetSonarDis('L');  
  83   1          front_dis=GetSonarDis('F');    
  84   1          right_dis=GetSonarDis('R');    
  85   1      }


MODULE INFORMATION:   STATIC OVERLAYABLE
   CODE SIZE        =    191    ----
   CONSTANT SIZE    =   ----    ----
   XDATA SIZE       =   ----    ----
   PDATA SIZE       =   ----    ----
   DATA SIZE        =     10       2
   IDATA SIZE       =   ----    ----
   BIT SIZE         =   ----    ----
END OF MODULE INFORMATION.


C51 COMPILATION COMPLETE.  0 WARNING(S),  0 ERROR(S)
