C51 COMPILER V9.52.0.0   MOVE                                                              04/24/2024 23:51:15 PAGE 1   


C51 COMPILER V9.52.0.0, COMPILATION OF MODULE MOVE
OBJECT MODULE PLACED IN .\Objects\Move.obj
COMPILER INVOKED BY: D:\Keil_v5\C51\BIN\C51.EXE Move.c OPTIMIZE(8,SPEED) BROWSE DEBUG OBJECTEXTEND PRINT(.\Listings\Move
                    -.lst) TABS(2) OBJECT(.\Objects\Move.obj)

line level    source

   1          #include <AT89X52.h>
   2          #include "Move.h"
   3          #include "Param.h"
   4          extern delay_nus(unsigned int i);
   5          extern delay_nms(unsigned int i);
   6          
   7          void Forward(Uchar speedl, Uchar speedr)
   8          {
   9   1        Uint a = 0, b = 0;
  10   1        a = 1500 + speedl;
  11   1        b = 1500 - speedr;
  12   1        Left_Engine = 1;
  13   1        delay_nus(a);
  14   1        Left_Engine = 0;
  15   1        Right_Engine = 1;
  16   1        delay_nus(b);
  17   1        Right_Engine = 0;
  18   1        delay_nms(15);
  19   1      }
  20          
  21          void turnRightSteps(Uchar r)
  22          {
  23   1        while (r > 0)
  24   1        {
  25   2          Left_Engine = 1;
  26   2          delay_nus(1590);
  27   2          Left_Engine = 0;
  28   2          Right_Engine = 1;
  29   2          delay_nus(1590);
  30   2          Right_Engine = 0;
  31   2          delay_nms(20);
  32   2          r--;
  33   2        }
  34   1      }
  35          
  36          void turnLeftSteps(Uchar l)
  37          {
  38   1        while (l > 0)
  39   1        {
  40   2          Left_Engine = 1;
  41   2          delay_nus(1410);
  42   2          Left_Engine = 0;
  43   2          Right_Engine = 1;
  44   2          delay_nus(1410);
  45   2          Right_Engine = 0;
  46   2          delay_nms(20);
  47   2          l--;
  48   2        }
  49   1      }
  50          
  51          void turnRight(void)
  52          {
  53   1        turnRightSteps(TurnRightSteps);
  54   1      }
C51 COMPILER V9.52.0.0   MOVE                                                              04/24/2024 23:51:15 PAGE 2   

  55          
  56          void turnLeft(void)
  57          {
  58   1        turnLeftSteps(TurnLeftSteps);
  59   1      }
  60          
  61          void turnBack(void)
  62          {
  63   1        turnLeft();
  64   1        turnLeft();
  65   1      }
  66          
  67          void turnBackL(void)
  68          {
  69   1        turnLeft();
  70   1        turnLeft();
  71   1      }
  72          
  73          void turnBackR(void)
  74          {
  75   1        turnRight();
  76   1        turnRight();
  77   1      }


MODULE INFORMATION:   STATIC OVERLAYABLE
   CODE SIZE        =    166    ----
   CONSTANT SIZE    =   ----    ----
   XDATA SIZE       =   ----    ----
   PDATA SIZE       =   ----    ----
   DATA SIZE        =   ----       4
   IDATA SIZE       =   ----    ----
   BIT SIZE         =   ----    ----
END OF MODULE INFORMATION.


C51 COMPILATION COMPLETE.  0 WARNING(S),  0 ERROR(S)
